Build started 6/4/2014 12:39:20 PM.
     1>Project "C:\Users\Student\Desktop\Ahmed 5\Ahmed 5\Ahmed 5.vcxproj" on node 2 (build target(s)).
     1>PrepareForBuild:
         Creating directory "C:\Users\Student\Desktop\Ahmed 5\Debug\".
       InitializeBuildStatus:
         Creating "Debug\Ahmed 5.unsuccessfulbuild" because "AlwaysCreate" was specified.
       ClCompile:
         C:\Program Files\Microsoft Visual Studio 10.0\VC\bin\CL.exe /c /ZI /nologo /W3 /WX- /Od /Oy- /D WIN32 /D _DEBUG /D _CONSOLE /D _UNICODE /D UNICODE /Gm /EHsc /RTC1 /MDd /GS /fp:precise /Zc:wchar_t /Zc:forScope /Yc"StdAfx.h" /Fp"Debug\Ahmed 5.pch" /Fo"Debug\\" /Fd"Debug\vc100.pdb" /Gd /TP /analyze- /errorReport:prompt stdafx.cpp
         stdafx.cpp
         C:\Program Files\Microsoft Visual Studio 10.0\VC\bin\CL.exe /c /ZI /nologo /W3 /WX- /Od /Oy- /D WIN32 /D _DEBUG /D _CONSOLE /D _UNICODE /D UNICODE /Gm /EHsc /RTC1 /MDd /GS /fp:precise /Zc:wchar_t /Zc:forScope /Yu"StdAfx.h" /Fp"Debug\Ahmed 5.pch" /Fo"Debug\\" /Fd"Debug\vc100.pdb" /Gd /TP /analyze- /errorReport:prompt "Ahmed 5.cpp"
         Ahmed 5.cpp
     1>c:\users\student\desktop\ahmed 5\ahmed 5\ahmed 5.cpp(14): error C2143: syntax error : missing ')' before ';'
     1>c:\users\student\desktop\ahmed 5\ahmed 5\ahmed 5.cpp(14): error C2143: syntax error : missing ']' before ')'
     1>c:\users\student\desktop\ahmed 5\ahmed 5\ahmed 5.cpp(14): error C2143: syntax error : missing ';' before ')'
     1>c:\users\student\desktop\ahmed 5\ahmed 5\ahmed 5.cpp(14): error C2059: syntax error : ')'
     1>c:\users\student\desktop\ahmed 5\ahmed 5\ahmed 5.cpp(14): error C2059: syntax error : ']'
     1>c:\users\student\desktop\ahmed 5\ahmed 5\ahmed 5.cpp(14): error C2238: unexpected token(s) preceding ';'
     1>c:\users\student\desktop\ahmed 5\ahmed 5\ahmed 5.cpp(29): error C2143: syntax error : missing ')' before ';'
     1>c:\users\student\desktop\ahmed 5\ahmed 5\ahmed 5.cpp(29): error C2059: syntax error : ')'
     1>c:\users\student\desktop\ahmed 5\ahmed 5\ahmed 5.cpp(30): warning C4390: ';' : empty controlled statement found; is this the intent?
     1>c:\users\student\desktop\ahmed 5\ahmed 5\ahmed 5.cpp(32): error C2562: 'stack::push' : 'void' function returning a value
                 c:\users\student\desktop\ahmed 5\ahmed 5\ahmed 5.cpp(18) : see declaration of 'stack::push'
     1>Done Building Project "C:\Users\Student\Desktop\Ahmed 5\Ahmed 5\Ahmed 5.vcxproj" (build target(s)) -- FAILED.

Build FAILED.

Time Elapsed 00:00:01.17
