Build started 5/31/2014 11:19:25 AM.
     1>Project "E:\Programming Language 2\Home\Ahmed 4\Ahmed 4\Ahmed 4.vcxproj" on node 2 (Build target(s)).
     1>ClCompile:
         C:\Program Files\Microsoft Visual Studio 11.0\VC\bin\CL.exe /c /ZI /nologo /W3 /WX- /sdl /Od /Oy- /D WIN32 /D _DEBUG /D _CONSOLE /D _UNICODE /D UNICODE /Gm /EHsc /RTC1 /MDd /GS /fp:precise /Zc:wchar_t /Zc:forScope /Yu"stdafx.h" /Fp"Debug\Ahmed 4.pch" /Fo"Debug\\" /Fd"Debug\vc110.pdb" /Gd /TP /analyze- /errorReport:prompt "Ahmed 4.cpp"
         Ahmed 4.cpp
     1>e:\programming language 2\home\ahmed 4\ahmed 4\ahmed 4.cpp(10): error C2065: 'cout' : undeclared identifier
     1>Done Building Project "E:\Programming Language 2\Home\Ahmed 4\Ahmed 4\Ahmed 4.vcxproj" (Build target(s)) -- FAILED.

Build FAILED.

Time Elapsed 00:00:00.52
